[0m10:01:58.316472 [debug] [MainThread]: Sending event: {'category': 'dbt', 'action': 'invocation', 'label': 'start', 'context': [<snowplow_tracker.self_describing_json.SelfDescribingJson object at 0x75b38433e7b0>, <snowplow_tracker.self_describing_json.SelfDescribingJson object at 0x75b384b2e720>, <snowplow_tracker.self_describing_json.SelfDescribingJson object at 0x75b385e439e0>]}


============================== 10:01:58.321466 | 922bfcc8-8bee-4ee4-8737-32f2a66b8b1a ==============================
[0m10:01:58.321466 [info ] [MainThread]: Running with dbt=1.9.0
[0m10:01:58.322488 [debug] [MainThread]: running dbt with arguments {'printer_width': '80', 'indirect_selection': 'eager', 'log_cache_events': 'False', 'write_json': 'True', 'partial_parse': 'True', 'cache_selected_only': 'False', 'warn_error': 'None', 'fail_fast': 'False', 'profiles_dir': '/home/codespace/.dbt', 'log_path': 'logs', 'version_check': 'True', 'debug': 'False', 'use_colors': 'True', 'use_experimental_parser': 'False', 'empty': 'None', 'quiet': 'False', 'no_print': 'None', 'warn_error_options': 'WarnErrorOptions(include=[], exclude=[])', 'invocation_command': 'dbt debug', 'introspect': 'True', 'static_parser': 'True', 'target_path': 'None', 'log_format': 'default', 'send_anonymous_usage_stats': 'True'}
[0m10:01:58.359574 [info ] [MainThread]: dbt version: 1.9.0
[0m10:01:58.361248 [info ] [MainThread]: python version: 3.12.1
[0m10:01:58.362280 [info ] [MainThread]: python path: /home/codespace/.python/current/bin/python3
[0m10:01:58.363465 [info ] [MainThread]: os info: Linux-6.5.0-1025-azure-x86_64-with-glibc2.31
[0m10:01:58.364323 [info ] [MainThread]: Using profiles dir at /home/codespace/.dbt
[0m10:01:58.365180 [info ] [MainThread]: Using profiles.yml file at /home/codespace/.dbt/profiles.yml
[0m10:01:58.366570 [info ] [MainThread]: Using dbt_project.yml file at /workspaces/dbt-i-nav-intro-kurs/dbt_project.yml
[0m10:01:58.368817 [info ] [MainThread]: Configuration:
[0m10:01:58.380979 [info ] [MainThread]:   profiles.yml file [[31mERROR not found[0m]
[0m10:01:58.386148 [info ] [MainThread]:   dbt_project.yml file [[31mERROR not found[0m]
[0m10:01:58.386804 [info ] [MainThread]: Required dependencies:
[0m10:01:58.387470 [debug] [MainThread]: Executing "git --help"
[0m10:01:58.390485 [debug] [MainThread]: STDOUT: "b"usage: git [-v | --version] [-h | --help] [-C <path>] [-c <name>=<value>]\n           [--exec-path[=<path>]] [--html-path] [--man-path] [--info-path]\n           [-p | --paginate | -P | --no-pager] [--no-replace-objects] [--no-lazy-fetch]\n           [--no-optional-locks] [--no-advice] [--bare] [--git-dir=<path>]\n           [--work-tree=<path>] [--namespace=<name>] [--config-env=<name>=<envvar>]\n           <command> [<args>]\n\nThese are common Git commands used in various situations:\n\nstart a working area (see also: git help tutorial)\n   clone     Clone a repository into a new directory\n   init      Create an empty Git repository or reinitialize an existing one\n\nwork on the current change (see also: git help everyday)\n   add       Add file contents to the index\n   mv        Move or rename a file, a directory, or a symlink\n   restore   Restore working tree files\n   rm        Remove files from the working tree and from the index\n\nexamine the history and state (see also: git help revisions)\n   bisect    Use binary search to find the commit that introduced a bug\n   diff      Show changes between commits, commit and working tree, etc\n   grep      Print lines matching a pattern\n   log       Show commit logs\n   show      Show various types of objects\n   status    Show the working tree status\n\ngrow, mark and tweak your common history\n   branch    List, create, or delete branches\n   commit    Record changes to the repository\n   merge     Join two or more development histories together\n   rebase    Reapply commits on top of another base tip\n   reset     Reset current HEAD to the specified state\n   switch    Switch branches\n   tag       Create, list, delete or verify a tag object signed with GPG\n\ncollaborate (see also: git help workflows)\n   fetch     Download objects and refs from another repository\n   pull      Fetch from and integrate with another repository or a local branch\n   push      Update remote refs along with associated objects\n\n'git help -a' and 'git help -g' list available subcommands and some\nconcept guides. See 'git help <command>' or 'git help <concept>'\nto read about a specific subcommand or concept.\nSee 'git help git' for an overview of the system.\n""
[0m10:01:58.391266 [debug] [MainThread]: STDERR: "b''"
[0m10:01:58.391817 [info ] [MainThread]:  - git [[32mOK found[0m]

[0m10:01:58.392816 [info ] [MainThread]: Connection test skipped since no profile was found
[0m10:01:58.393655 [info ] [MainThread]: [31m2 checks failed:[0m
[0m10:01:58.394448 [info ] [MainThread]: dbt looked for a profiles.yml file in /home/codespace/.dbt/profiles.yml, but did
not find one. For more information on configuring your profile, consult the
documentation:

https://docs.getdbt.com/docs/configure-your-profile


[0m10:01:58.396768 [info ] [MainThread]: Project loading failed for the following reason:
 project path </workspaces/dbt-i-nav-intro-kurs/dbt_project.yml> not found

[0m10:01:58.415451 [debug] [MainThread]: Resource report: {"command_name": "debug", "command_success": false, "command_wall_clock_time": 0.31976148, "process_in_blocks": "34144", "process_kernel_time": 0.289243, "process_mem_max_rss": "90844", "process_out_blocks": "16", "process_user_time": 2.050999}
[0m10:01:58.416438 [debug] [MainThread]: Command `dbt debug` failed at 10:01:58.416258 after 0.32 seconds
[0m10:01:58.417237 [debug] [MainThread]: Sending event: {'category': 'dbt', 'action': 'invocation', 'label': 'end', 'context': [<snowplow_tracker.self_describing_json.SelfDescribingJson object at 0x75b385d166c0>, <snowplow_tracker.self_describing_json.SelfDescribingJson object at 0x75b383f33e00>, <snowplow_tracker.self_describing_json.SelfDescribingJson object at 0x75b384207e60>]}
[0m10:01:58.418112 [debug] [MainThread]: Flushing usage events
[0m10:01:58.780487 [debug] [MainThread]: An error was encountered while trying to flush usage events
[0m12:51:00.097844 [debug] [MainThread]: Sending event: {'category': 'dbt', 'action': 'invocation', 'label': 'start', 'context': [<snowplow_tracker.self_describing_json.SelfDescribingJson object at 0x7c15adf829f0>, <snowplow_tracker.self_describing_json.SelfDescribingJson object at 0x7c15adcd9f40>, <snowplow_tracker.self_describing_json.SelfDescribingJson object at 0x7c15ac311e50>]}


============================== 12:51:00.101304 | c691451a-fada-498f-a61b-4cfa524dbd82 ==============================
[0m12:51:00.101304 [info ] [MainThread]: Running with dbt=1.9.0
[0m12:51:00.102217 [debug] [MainThread]: running dbt with arguments {'printer_width': '80', 'indirect_selection': 'eager', 'log_cache_events': 'False', 'write_json': 'True', 'partial_parse': 'True', 'cache_selected_only': 'False', 'warn_error': 'None', 'fail_fast': 'False', 'version_check': 'True', 'log_path': 'logs', 'profiles_dir': '/home/codespace/.dbt', 'debug': 'False', 'use_colors': 'True', 'use_experimental_parser': 'False', 'no_print': 'None', 'quiet': 'False', 'empty': 'None', 'log_format': 'default', 'introspect': 'True', 'static_parser': 'True', 'invocation_command': 'dbt debug', 'target_path': 'None', 'warn_error_options': 'WarnErrorOptions(include=[], exclude=[])', 'send_anonymous_usage_stats': 'True'}
[0m12:51:00.113263 [info ] [MainThread]: dbt version: 1.9.0
[0m12:51:00.113896 [info ] [MainThread]: python version: 3.12.1
[0m12:51:00.114520 [info ] [MainThread]: python path: /home/codespace/.python/current/bin/python3
[0m12:51:00.115055 [info ] [MainThread]: os info: Linux-6.5.0-1025-azure-x86_64-with-glibc2.31
[0m12:51:00.115564 [info ] [MainThread]: Using profiles dir at /home/codespace/.dbt
[0m12:51:00.116027 [info ] [MainThread]: Using profiles.yml file at /home/codespace/.dbt/profiles.yml
[0m12:51:00.116509 [info ] [MainThread]: Using dbt_project.yml file at /workspaces/dbt-i-nav-intro-kurs/dbt_project.yml
[0m12:51:00.117007 [info ] [MainThread]: Configuration:
[0m12:51:00.117492 [info ] [MainThread]:   profiles.yml file [[31mERROR not found[0m]
[0m12:51:00.117963 [info ] [MainThread]:   dbt_project.yml file [[31mERROR not found[0m]
[0m12:51:00.118498 [info ] [MainThread]: Required dependencies:
[0m12:51:00.119090 [debug] [MainThread]: Executing "git --help"
[0m12:51:00.122388 [debug] [MainThread]: STDOUT: "b"usage: git [-v | --version] [-h | --help] [-C <path>] [-c <name>=<value>]\n           [--exec-path[=<path>]] [--html-path] [--man-path] [--info-path]\n           [-p | --paginate | -P | --no-pager] [--no-replace-objects] [--no-lazy-fetch]\n           [--no-optional-locks] [--no-advice] [--bare] [--git-dir=<path>]\n           [--work-tree=<path>] [--namespace=<name>] [--config-env=<name>=<envvar>]\n           <command> [<args>]\n\nThese are common Git commands used in various situations:\n\nstart a working area (see also: git help tutorial)\n   clone     Clone a repository into a new directory\n   init      Create an empty Git repository or reinitialize an existing one\n\nwork on the current change (see also: git help everyday)\n   add       Add file contents to the index\n   mv        Move or rename a file, a directory, or a symlink\n   restore   Restore working tree files\n   rm        Remove files from the working tree and from the index\n\nexamine the history and state (see also: git help revisions)\n   bisect    Use binary search to find the commit that introduced a bug\n   diff      Show changes between commits, commit and working tree, etc\n   grep      Print lines matching a pattern\n   log       Show commit logs\n   show      Show various types of objects\n   status    Show the working tree status\n\ngrow, mark and tweak your common history\n   branch    List, create, or delete branches\n   commit    Record changes to the repository\n   merge     Join two or more development histories together\n   rebase    Reapply commits on top of another base tip\n   reset     Reset current HEAD to the specified state\n   switch    Switch branches\n   tag       Create, list, delete or verify a tag object signed with GPG\n\ncollaborate (see also: git help workflows)\n   fetch     Download objects and refs from another repository\n   pull      Fetch from and integrate with another repository or a local branch\n   push      Update remote refs along with associated objects\n\n'git help -a' and 'git help -g' list available subcommands and some\nconcept guides. See 'git help <command>' or 'git help <concept>'\nto read about a specific subcommand or concept.\nSee 'git help git' for an overview of the system.\n""
[0m12:51:00.122939 [debug] [MainThread]: STDERR: "b''"
[0m12:51:00.123394 [info ] [MainThread]:  - git [[32mOK found[0m]

[0m12:51:00.123987 [info ] [MainThread]: Connection test skipped since no profile was found
[0m12:51:00.124641 [info ] [MainThread]: [31m2 checks failed:[0m
[0m12:51:00.125222 [info ] [MainThread]: dbt looked for a profiles.yml file in /home/codespace/.dbt/profiles.yml, but did
not find one. For more information on configuring your profile, consult the
documentation:

https://docs.getdbt.com/docs/configure-your-profile


[0m12:51:00.125899 [info ] [MainThread]: Project loading failed for the following reason:
 project path </workspaces/dbt-i-nav-intro-kurs/dbt_project.yml> not found

[0m12:51:00.128214 [debug] [MainThread]: Resource report: {"command_name": "debug", "command_success": false, "command_wall_clock_time": 0.080876075, "process_in_blocks": "216", "process_kernel_time": 0.126595, "process_mem_max_rss": "90548", "process_out_blocks": "16", "process_user_time": 1.323145}
[0m12:51:00.128818 [debug] [MainThread]: Command `dbt debug` failed at 12:51:00.128703 after 0.08 seconds
[0m12:51:00.129441 [debug] [MainThread]: Sending event: {'category': 'dbt', 'action': 'invocation', 'label': 'end', 'context': [<snowplow_tracker.self_describing_json.SelfDescribingJson object at 0x7c15ac6ac800>, <snowplow_tracker.self_describing_json.SelfDescribingJson object at 0x7c15abdcb440>, <snowplow_tracker.self_describing_json.SelfDescribingJson object at 0x7c15adcd9f40>]}
[0m12:51:00.130157 [debug] [MainThread]: Flushing usage events
[0m12:51:00.483162 [debug] [MainThread]: An error was encountered while trying to flush usage events
[0m12:51:53.861277 [debug] [MainThread]: Sending event: {'category': 'dbt', 'action': 'invocation', 'label': 'start', 'context': [<snowplow_tracker.self_describing_json.SelfDescribingJson object at 0x7a7e85aa9760>, <snowplow_tracker.self_describing_json.SelfDescribingJson object at 0x7a7e85aa8da0>, <snowplow_tracker.self_describing_json.SelfDescribingJson object at 0x7a7e859638f0>]}


============================== 12:51:53.866652 | 0b9b9481-4002-4825-ba84-4f4425223fb9 ==============================
[0m12:51:53.866652 [info ] [MainThread]: Running with dbt=1.9.0
[0m12:51:53.867877 [debug] [MainThread]: running dbt with arguments {'printer_width': '80', 'indirect_selection': 'eager', 'log_cache_events': 'False', 'write_json': 'True', 'partial_parse': 'True', 'cache_selected_only': 'False', 'profiles_dir': '/workspaces/dbt-i-nav-intro-kurs', 'version_check': 'True', 'warn_error': 'None', 'log_path': 'logs', 'debug': 'False', 'fail_fast': 'False', 'use_colors': 'True', 'use_experimental_parser': 'False', 'empty': 'False', 'quiet': 'False', 'no_print': 'None', 'log_format': 'default', 'static_parser': 'True', 'invocation_command': 'dbt build --profiles-dir /workspaces/dbt-i-nav-intro-kurs', 'introspect': 'True', 'target_path': 'None', 'warn_error_options': 'WarnErrorOptions(include=[], exclude=[])', 'send_anonymous_usage_stats': 'True'}
[0m12:51:53.869025 [error] [MainThread]: Encountered an error:
Runtime Error
  No dbt_project.yml found at expected path /workspaces/dbt-i-nav-intro-kurs/dbt_project.yml
  Verify that each entry within packages.yml (and their transitive dependencies) contains a file named dbt_project.yml
  
[0m12:51:53.870633 [debug] [MainThread]: Resource report: {"command_name": "build", "command_success": false, "command_wall_clock_time": 0.0671177, "process_in_blocks": "0", "process_kernel_time": 0.148346, "process_mem_max_rss": "88456", "process_out_blocks": "8", "process_user_time": 1.226865}
[0m12:51:53.871594 [debug] [MainThread]: Command `dbt build` failed at 12:51:53.871427 after 0.07 seconds
[0m12:51:53.872453 [debug] [MainThread]: Sending event: {'category': 'dbt', 'action': 'invocation', 'label': 'end', 'context': [<snowplow_tracker.self_describing_json.SelfDescribingJson object at 0x7a7e85311f70>, <snowplow_tracker.self_describing_json.SelfDescribingJson object at 0x7a7e85170410>, <snowplow_tracker.self_describing_json.SelfDescribingJson object at 0x7a7e859638f0>]}
[0m12:51:53.873267 [debug] [MainThread]: Flushing usage events
[0m12:51:54.210609 [debug] [MainThread]: An error was encountered while trying to flush usage events
